<?xml version="1.0" encoding="UTF-8"?>
<testng-results ignored="0" total="1" passed="1" failed="0" skipped="0">
  <reporter-output>
  </reporter-output>
  <suite started-at="2025-02-23T16:29:58 IST" name="Default suite" finished-at="2025-02-23T16:30:04 IST" duration-ms="5807">
    <groups>
    </groups>
    <test started-at="2025-02-23T16:29:58 IST" name="Default test" finished-at="2025-02-23T16:30:04 IST" duration-ms="5807">
      <class name="VinothMurugesanProject.AppiumProject.AppiumBasics">
        <test-method signature="AppiumTest()[pri:0, instance:VinothMurugesanProject.AppiumProject.AppiumBasics@7d4f9aae]" started-at="2025-02-23T16:29:58 IST" name="AppiumTest" finished-at="2025-02-23T16:30:04 IST" duration-ms="5777" status="PASS">
          <reporter-output>
          </reporter-output>
        </test-method> <!-- AppiumTest -->
      </class> <!-- VinothMurugesanProject.AppiumProject.AppiumBasics -->
    </test> <!-- Default test -->
  </suite> <!-- Default suite -->
</testng-results>
